2023-11-07 09:45:25 [main] INFO  c.j.teamsphere.TeamsphereApplication - Starting TeamsphereApplication using Java 17.0.8.1 with PID 9450 (/home/julien/workspace/teamsphere-app/target/classes started by julien in /home/julien/workspace/teamsphere-app)
2023-11-07 09:45:25 [main] INFO  c.j.teamsphere.TeamsphereApplication - No active profile set, falling back to 1 default profile: "default"
2023-11-07 09:45:26 [main] INFO  o.s.d.r.c.RepositoryConfigurationDelegate - Bootstrapping Spring Data JPA repositories in DEFAULT mode.
2023-11-07 09:45:26 [main] INFO  o.s.d.r.c.RepositoryConfigurationDelegate - Finished Spring Data repository scanning in 36 ms. Found 3 JPA repository interfaces.
2023-11-07 09:45:26 [main] INFO  o.s.b.w.e.tomcat.TomcatWebServer - Tomcat initialized with port(s): 8080 (http)
2023-11-07 09:45:26 [main] INFO  o.a.coyote.http11.Http11NioProtocol - Initializing ProtocolHandler ["http-nio-8080"]
2023-11-07 09:45:26 [main] INFO  o.a.catalina.core.StandardService - Starting service [Tomcat]
2023-11-07 09:45:26 [main] INFO  o.a.catalina.core.StandardEngine - Starting Servlet engine: [Apache Tomcat/10.1.15]
2023-11-07 09:45:26 [main] INFO  o.a.c.c.C.[Tomcat].[localhost].[/] - Initializing Spring embedded WebApplicationContext
2023-11-07 09:45:26 [main] INFO  o.s.b.w.s.c.ServletWebServerApplicationContext - Root WebApplicationContext: initialization completed in 953 ms
2023-11-07 09:45:27 [main] INFO  o.h.jpa.internal.util.LogHelper - HHH000204: Processing PersistenceUnitInfo [name: default]
2023-11-07 09:45:27 [main] INFO  org.hibernate.Version - HHH000412: Hibernate ORM core version 6.2.13.Final
2023-11-07 09:45:27 [main] INFO  org.hibernate.cfg.Environment - HHH000406: Using bytecode reflection optimizer
2023-11-07 09:45:27 [main] INFO  o.s.o.j.p.SpringPersistenceUnitInfo - No LoadTimeWeaver setup: ignoring JPA class transformer
2023-11-07 09:45:27 [main] INFO  com.zaxxer.hikari.HikariDataSource - HikariPool-1 - Starting...
2023-11-07 09:45:27 [main] INFO  com.zaxxer.hikari.pool.HikariPool - HikariPool-1 - Added connection com.mysql.cj.jdbc.ConnectionImpl@14e3d439
2023-11-07 09:45:27 [main] INFO  com.zaxxer.hikari.HikariDataSource - HikariPool-1 - Start completed.
2023-11-07 09:45:27 [main] WARN  org.hibernate.orm.deprecation - HHH90000025: MySQLDialect does not need to be specified explicitly using 'hibernate.dialect' (remove the property setting and it will be selected by default)
2023-11-07 09:45:28 [main] INFO  o.h.e.t.j.p.i.JtaPlatformInitiator - HHH000489: No JTA platform available (set 'hibernate.transaction.jta.platform' to enable JTA platform integration)
2023-11-07 09:45:28 [main] INFO  o.s.o.j.LocalContainerEntityManagerFactoryBean - Initialized JPA EntityManagerFactory for persistence unit 'default'
2023-11-07 09:45:28 [main] TRACE o.s.s.c.a.a.c.AuthenticationConfiguration$EnableGlobalAuthenticationAutowiredConfigurer - Eagerly initializing {springSecurityConfig=com.julien.teamsphere.configuration.SpringSecurityConfig$$SpringCGLIB$$0@394331a8}
2023-11-07 09:45:28 [main] WARN  o.s.b.a.s.s.UserDetailsServiceAutoConfiguration - 

Using generated security password: f8d7e9fc-7ce7-4008-8527-bd534dbdf5cd

This generated password is for development use only. Your security configuration must be updated before running your application in production.

2023-11-07 09:45:28 [main] INFO  o.s.s.web.DefaultSecurityFilterChain - Will secure any request with [org.springframework.security.web.session.DisableEncodeUrlFilter@580e01cd, org.springframework.security.web.context.request.async.WebAsyncManagerIntegrationFilter@1e9a10e9, org.springframework.security.web.context.SecurityContextHolderFilter@9d2c0ed, org.springframework.security.web.header.HeaderWriterFilter@3d8b9dee, org.springframework.security.web.csrf.CsrfFilter@560c3758, org.springframework.security.web.authentication.logout.LogoutFilter@13cc3984, org.springframework.security.web.session.ConcurrentSessionFilter@99774ec, com.julien.teamsphere.configuration.SpringSecurityConfig$CsrfCookieFilter@233d2b76, org.springframework.security.web.savedrequest.RequestCacheAwareFilter@6aed4a23, org.springframework.security.web.servletapi.SecurityContextHolderAwareRequestFilter@5cca5ff3, org.springframework.security.web.authentication.AnonymousAuthenticationFilter@2370c90, org.springframework.security.web.session.SessionManagementFilter@40dc2ade, org.springframework.security.web.access.ExceptionTranslationFilter@519a81dd, org.springframework.security.web.access.intercept.AuthorizationFilter@4bd1b07d]
2023-11-07 09:45:28 [main] INFO  o.a.coyote.http11.Http11NioProtocol - Starting ProtocolHandler ["http-nio-8080"]
2023-11-07 09:45:28 [main] INFO  o.s.b.w.e.tomcat.TomcatWebServer - Tomcat started on port(s): 8080 (http) with context path ''
2023-11-07 09:45:28 [main] INFO  c.j.teamsphere.TeamsphereApplication - Started TeamsphereApplication in 3.351 seconds (process running for 3.913)
2023-11-07 09:46:21 [http-nio-8080-exec-2] INFO  o.a.c.c.C.[Tomcat].[localhost].[/] - Initializing Spring DispatcherServlet 'dispatcherServlet'
2023-11-07 09:46:21 [http-nio-8080-exec-2] INFO  o.s.web.servlet.DispatcherServlet - Initializing Servlet 'dispatcherServlet'
2023-11-07 09:46:21 [http-nio-8080-exec-2] INFO  o.s.web.servlet.DispatcherServlet - Completed initialization in 1 ms
2023-11-07 09:46:21 [http-nio-8080-exec-2] TRACE o.s.security.web.FilterChainProxy - Trying to match request against DefaultSecurityFilterChain [RequestMatcher=any request, Filters=[org.springframework.security.web.session.DisableEncodeUrlFilter@580e01cd, org.springframework.security.web.context.request.async.WebAsyncManagerIntegrationFilter@1e9a10e9, org.springframework.security.web.context.SecurityContextHolderFilter@9d2c0ed, org.springframework.security.web.header.HeaderWriterFilter@3d8b9dee, org.springframework.security.web.csrf.CsrfFilter@560c3758, org.springframework.security.web.authentication.logout.LogoutFilter@13cc3984, org.springframework.security.web.session.ConcurrentSessionFilter@99774ec, com.julien.teamsphere.configuration.SpringSecurityConfig$CsrfCookieFilter@233d2b76, org.springframework.security.web.savedrequest.RequestCacheAwareFilter@6aed4a23, org.springframework.security.web.servletapi.SecurityContextHolderAwareRequestFilter@5cca5ff3, org.springframework.security.web.authentication.AnonymousAuthenticationFilter@2370c90, org.springframework.security.web.session.SessionManagementFilter@40dc2ade, org.springframework.security.web.access.ExceptionTranslationFilter@519a81dd, org.springframework.security.web.access.intercept.AuthorizationFilter@4bd1b07d]] (1/1)
2023-11-07 09:46:21 [http-nio-8080-exec-2] DEBUG o.s.security.web.FilterChainProxy - Securing PUT /api/private/user/1
2023-11-07 09:46:21 [http-nio-8080-exec-2] TRACE o.s.security.web.FilterChainProxy - Invoking DisableEncodeUrlFilter (1/14)
2023-11-07 09:46:21 [http-nio-8080-exec-2] TRACE o.s.security.web.FilterChainProxy - Invoking WebAsyncManagerIntegrationFilter (2/14)
2023-11-07 09:46:21 [http-nio-8080-exec-2] TRACE o.s.security.web.FilterChainProxy - Invoking SecurityContextHolderFilter (3/14)
2023-11-07 09:46:21 [http-nio-8080-exec-2] TRACE o.s.security.web.FilterChainProxy - Invoking HeaderWriterFilter (4/14)
2023-11-07 09:46:21 [http-nio-8080-exec-2] TRACE o.s.security.web.FilterChainProxy - Invoking CsrfFilter (5/14)
2023-11-07 09:46:21 [http-nio-8080-exec-2] DEBUG o.s.security.web.csrf.CsrfFilter - Invalid CSRF token found for http://localhost:8080/api/private/user/1
2023-11-07 09:46:21 [http-nio-8080-exec-2] TRACE o.s.s.w.h.writers.HstsHeaderWriter - Not injecting HSTS header since it did not match request to [Is Secure]
2023-11-07 09:46:34 [http-nio-8080-exec-3] TRACE o.s.security.web.FilterChainProxy - Trying to match request against DefaultSecurityFilterChain [RequestMatcher=any request, Filters=[org.springframework.security.web.session.DisableEncodeUrlFilter@580e01cd, org.springframework.security.web.context.request.async.WebAsyncManagerIntegrationFilter@1e9a10e9, org.springframework.security.web.context.SecurityContextHolderFilter@9d2c0ed, org.springframework.security.web.header.HeaderWriterFilter@3d8b9dee, org.springframework.security.web.csrf.CsrfFilter@560c3758, org.springframework.security.web.authentication.logout.LogoutFilter@13cc3984, org.springframework.security.web.session.ConcurrentSessionFilter@99774ec, com.julien.teamsphere.configuration.SpringSecurityConfig$CsrfCookieFilter@233d2b76, org.springframework.security.web.savedrequest.RequestCacheAwareFilter@6aed4a23, org.springframework.security.web.servletapi.SecurityContextHolderAwareRequestFilter@5cca5ff3, org.springframework.security.web.authentication.AnonymousAuthenticationFilter@2370c90, org.springframework.security.web.session.SessionManagementFilter@40dc2ade, org.springframework.security.web.access.ExceptionTranslationFilter@519a81dd, org.springframework.security.web.access.intercept.AuthorizationFilter@4bd1b07d]] (1/1)
2023-11-07 09:46:34 [http-nio-8080-exec-3] DEBUG o.s.security.web.FilterChainProxy - Securing PUT /api/private/user/1
2023-11-07 09:46:34 [http-nio-8080-exec-3] TRACE o.s.security.web.FilterChainProxy - Invoking DisableEncodeUrlFilter (1/14)
2023-11-07 09:46:34 [http-nio-8080-exec-3] TRACE o.s.security.web.FilterChainProxy - Invoking WebAsyncManagerIntegrationFilter (2/14)
2023-11-07 09:46:34 [http-nio-8080-exec-3] TRACE o.s.security.web.FilterChainProxy - Invoking SecurityContextHolderFilter (3/14)
2023-11-07 09:46:34 [http-nio-8080-exec-3] TRACE o.s.security.web.FilterChainProxy - Invoking HeaderWriterFilter (4/14)
2023-11-07 09:46:34 [http-nio-8080-exec-3] TRACE o.s.security.web.FilterChainProxy - Invoking CsrfFilter (5/14)
2023-11-07 09:46:34 [http-nio-8080-exec-3] DEBUG o.s.security.web.csrf.CsrfFilter - Invalid CSRF token found for http://localhost:8080/api/private/user/1
2023-11-07 09:46:34 [http-nio-8080-exec-3] DEBUG o.s.s.w.a.AccessDeniedHandlerImpl - Responding with 403 status code
2023-11-07 09:46:34 [http-nio-8080-exec-3] TRACE o.s.s.w.h.writers.HstsHeaderWriter - Not injecting HSTS header since it did not match request to [Is Secure]
2023-11-07 09:49:00 [SpringApplicationShutdownHook] INFO  o.s.o.j.LocalContainerEntityManagerFactoryBean - Closing JPA EntityManagerFactory for persistence unit 'default'
2023-11-07 09:49:00 [SpringApplicationShutdownHook] INFO  com.zaxxer.hikari.HikariDataSource - HikariPool-1 - Shutdown initiated...
2023-11-07 09:49:00 [SpringApplicationShutdownHook] INFO  com.zaxxer.hikari.HikariDataSource - HikariPool-1 - Shutdown completed.
2023-11-07 09:49:04 [main] INFO  c.j.teamsphere.TeamsphereApplication - Starting TeamsphereApplication using Java 17.0.8.1 with PID 10094 (/home/julien/workspace/teamsphere-app/target/classes started by julien in /home/julien/workspace/teamsphere-app)
2023-11-07 09:49:04 [main] INFO  c.j.teamsphere.TeamsphereApplication - No active profile set, falling back to 1 default profile: "default"
2023-11-07 09:49:04 [main] INFO  o.s.d.r.c.RepositoryConfigurationDelegate - Bootstrapping Spring Data JPA repositories in DEFAULT mode.
2023-11-07 09:49:04 [main] INFO  o.s.d.r.c.RepositoryConfigurationDelegate - Finished Spring Data repository scanning in 27 ms. Found 3 JPA repository interfaces.
2023-11-07 09:49:05 [main] INFO  o.s.b.w.e.tomcat.TomcatWebServer - Tomcat initialized with port(s): 8080 (http)
2023-11-07 09:49:05 [main] INFO  o.a.coyote.http11.Http11NioProtocol - Initializing ProtocolHandler ["http-nio-8080"]
2023-11-07 09:49:05 [main] INFO  o.a.catalina.core.StandardService - Starting service [Tomcat]
2023-11-07 09:49:05 [main] INFO  o.a.catalina.core.StandardEngine - Starting Servlet engine: [Apache Tomcat/10.1.15]
2023-11-07 09:49:05 [main] INFO  o.a.c.c.C.[Tomcat].[localhost].[/] - Initializing Spring embedded WebApplicationContext
2023-11-07 09:49:05 [main] INFO  o.s.b.w.s.c.ServletWebServerApplicationContext - Root WebApplicationContext: initialization completed in 745 ms
2023-11-07 09:49:05 [main] INFO  o.h.jpa.internal.util.LogHelper - HHH000204: Processing PersistenceUnitInfo [name: default]
2023-11-07 09:49:05 [main] INFO  org.hibernate.Version - HHH000412: Hibernate ORM core version 6.2.13.Final
2023-11-07 09:49:05 [main] INFO  org.hibernate.cfg.Environment - HHH000406: Using bytecode reflection optimizer
2023-11-07 09:49:05 [main] INFO  o.s.o.j.p.SpringPersistenceUnitInfo - No LoadTimeWeaver setup: ignoring JPA class transformer
2023-11-07 09:49:05 [main] INFO  com.zaxxer.hikari.HikariDataSource - HikariPool-1 - Starting...
2023-11-07 09:49:05 [main] INFO  com.zaxxer.hikari.pool.HikariPool - HikariPool-1 - Added connection com.mysql.cj.jdbc.ConnectionImpl@17354708
2023-11-07 09:49:05 [main] INFO  com.zaxxer.hikari.HikariDataSource - HikariPool-1 - Start completed.
2023-11-07 09:49:05 [main] WARN  org.hibernate.orm.deprecation - HHH90000025: MySQLDialect does not need to be specified explicitly using 'hibernate.dialect' (remove the property setting and it will be selected by default)
2023-11-07 09:49:06 [main] INFO  o.h.e.t.j.p.i.JtaPlatformInitiator - HHH000489: No JTA platform available (set 'hibernate.transaction.jta.platform' to enable JTA platform integration)
2023-11-07 09:49:06 [main] INFO  o.s.o.j.LocalContainerEntityManagerFactoryBean - Initialized JPA EntityManagerFactory for persistence unit 'default'
2023-11-07 09:49:06 [main] TRACE o.s.s.c.a.a.c.AuthenticationConfiguration$EnableGlobalAuthenticationAutowiredConfigurer - Eagerly initializing {springSecurityConfig=com.julien.teamsphere.configuration.SpringSecurityConfig$$SpringCGLIB$$0@6fbfd28b}
2023-11-07 09:49:06 [main] WARN  o.s.b.a.s.s.UserDetailsServiceAutoConfiguration - 

Using generated security password: 2984d8ae-4934-48b4-8c2e-4c80c02383e0

This generated password is for development use only. Your security configuration must be updated before running your application in production.

2023-11-07 09:49:06 [main] INFO  o.s.s.web.DefaultSecurityFilterChain - Will secure any request with [org.springframework.security.web.session.DisableEncodeUrlFilter@6afb240d, org.springframework.security.web.context.request.async.WebAsyncManagerIntegrationFilter@272f5373, org.springframework.security.web.context.SecurityContextHolderFilter@5608e254, org.springframework.security.web.header.HeaderWriterFilter@13fad0c7, org.springframework.security.web.csrf.CsrfFilter@4718d320, org.springframework.security.web.authentication.logout.LogoutFilter@2fcad739, org.springframework.security.web.session.ConcurrentSessionFilter@4d145177, com.julien.teamsphere.configuration.SpringSecurityConfig$CsrfCookieFilter@799557c8, org.springframework.security.web.savedrequest.RequestCacheAwareFilter@45cddfd3, org.springframework.security.web.servletapi.SecurityContextHolderAwareRequestFilter@1bca9b64, org.springframework.security.web.authentication.AnonymousAuthenticationFilter@1f05d08c, org.springframework.security.web.session.SessionManagementFilter@6d2f910b, org.springframework.security.web.access.ExceptionTranslationFilter@43414b88, org.springframework.security.web.access.intercept.AuthorizationFilter@7207f3c2]
2023-11-07 09:49:06 [main] INFO  o.a.coyote.http11.Http11NioProtocol - Starting ProtocolHandler ["http-nio-8080"]
2023-11-07 09:49:06 [main] INFO  o.s.b.w.e.tomcat.TomcatWebServer - Tomcat started on port(s): 8080 (http) with context path ''
2023-11-07 09:49:06 [main] INFO  c.j.teamsphere.TeamsphereApplication - Started TeamsphereApplication in 2.655 seconds (process running for 3.074)
2023-11-07 09:49:09 [http-nio-8080-exec-1] INFO  o.a.c.c.C.[Tomcat].[localhost].[/] - Initializing Spring DispatcherServlet 'dispatcherServlet'
2023-11-07 09:49:09 [http-nio-8080-exec-1] INFO  o.s.web.servlet.DispatcherServlet - Initializing Servlet 'dispatcherServlet'
2023-11-07 09:49:09 [http-nio-8080-exec-1] INFO  o.s.web.servlet.DispatcherServlet - Completed initialization in 1 ms
2023-11-07 09:49:09 [http-nio-8080-exec-1] TRACE o.s.security.web.FilterChainProxy - Trying to match request against DefaultSecurityFilterChain [RequestMatcher=any request, Filters=[org.springframework.security.web.session.DisableEncodeUrlFilter@6afb240d, org.springframework.security.web.context.request.async.WebAsyncManagerIntegrationFilter@272f5373, org.springframework.security.web.context.SecurityContextHolderFilter@5608e254, org.springframework.security.web.header.HeaderWriterFilter@13fad0c7, org.springframework.security.web.csrf.CsrfFilter@4718d320, org.springframework.security.web.authentication.logout.LogoutFilter@2fcad739, org.springframework.security.web.session.ConcurrentSessionFilter@4d145177, com.julien.teamsphere.configuration.SpringSecurityConfig$CsrfCookieFilter@799557c8, org.springframework.security.web.savedrequest.RequestCacheAwareFilter@45cddfd3, org.springframework.security.web.servletapi.SecurityContextHolderAwareRequestFilter@1bca9b64, org.springframework.security.web.authentication.AnonymousAuthenticationFilter@1f05d08c, org.springframework.security.web.session.SessionManagementFilter@6d2f910b, org.springframework.security.web.access.ExceptionTranslationFilter@43414b88, org.springframework.security.web.access.intercept.AuthorizationFilter@7207f3c2]] (1/1)
2023-11-07 09:49:09 [http-nio-8080-exec-1] DEBUG o.s.security.web.FilterChainProxy - Securing PUT /api/private/user/2
2023-11-07 09:49:09 [http-nio-8080-exec-1] TRACE o.s.security.web.FilterChainProxy - Invoking DisableEncodeUrlFilter (1/14)
2023-11-07 09:49:09 [http-nio-8080-exec-1] TRACE o.s.security.web.FilterChainProxy - Invoking WebAsyncManagerIntegrationFilter (2/14)
2023-11-07 09:49:09 [http-nio-8080-exec-1] TRACE o.s.security.web.FilterChainProxy - Invoking SecurityContextHolderFilter (3/14)
2023-11-07 09:49:09 [http-nio-8080-exec-1] TRACE o.s.security.web.FilterChainProxy - Invoking HeaderWriterFilter (4/14)
2023-11-07 09:49:09 [http-nio-8080-exec-1] TRACE o.s.security.web.FilterChainProxy - Invoking CsrfFilter (5/14)
2023-11-07 09:49:09 [http-nio-8080-exec-1] DEBUG o.s.security.web.csrf.CsrfFilter - Invalid CSRF token found for http://localhost:8080/api/private/user/2
2023-11-07 09:49:09 [http-nio-8080-exec-1] DEBUG o.s.s.w.a.AccessDeniedHandlerImpl - Responding with 403 status code
2023-11-07 09:49:09 [http-nio-8080-exec-1] TRACE o.s.s.w.h.writers.HstsHeaderWriter - Not injecting HSTS header since it did not match request to [Is Secure]
2023-11-07 09:49:14 [http-nio-8080-exec-3] TRACE o.s.security.web.FilterChainProxy - Trying to match request against DefaultSecurityFilterChain [RequestMatcher=any request, Filters=[org.springframework.security.web.session.DisableEncodeUrlFilter@6afb240d, org.springframework.security.web.context.request.async.WebAsyncManagerIntegrationFilter@272f5373, org.springframework.security.web.context.SecurityContextHolderFilter@5608e254, org.springframework.security.web.header.HeaderWriterFilter@13fad0c7, org.springframework.security.web.csrf.CsrfFilter@4718d320, org.springframework.security.web.authentication.logout.LogoutFilter@2fcad739, org.springframework.security.web.session.ConcurrentSessionFilter@4d145177, com.julien.teamsphere.configuration.SpringSecurityConfig$CsrfCookieFilter@799557c8, org.springframework.security.web.savedrequest.RequestCacheAwareFilter@45cddfd3, org.springframework.security.web.servletapi.SecurityContextHolderAwareRequestFilter@1bca9b64, org.springframework.security.web.authentication.AnonymousAuthenticationFilter@1f05d08c, org.springframework.security.web.session.SessionManagementFilter@6d2f910b, org.springframework.security.web.access.ExceptionTranslationFilter@43414b88, org.springframework.security.web.access.intercept.AuthorizationFilter@7207f3c2]] (1/1)
2023-11-07 09:49:14 [http-nio-8080-exec-3] DEBUG o.s.security.web.FilterChainProxy - Securing PUT /api/private/user/2
2023-11-07 09:49:14 [http-nio-8080-exec-3] TRACE o.s.security.web.FilterChainProxy - Invoking DisableEncodeUrlFilter (1/14)
2023-11-07 09:49:14 [http-nio-8080-exec-3] TRACE o.s.security.web.FilterChainProxy - Invoking WebAsyncManagerIntegrationFilter (2/14)
2023-11-07 09:49:14 [http-nio-8080-exec-3] TRACE o.s.security.web.FilterChainProxy - Invoking SecurityContextHolderFilter (3/14)
2023-11-07 09:49:14 [http-nio-8080-exec-3] TRACE o.s.security.web.FilterChainProxy - Invoking HeaderWriterFilter (4/14)
2023-11-07 09:49:14 [http-nio-8080-exec-3] TRACE o.s.security.web.FilterChainProxy - Invoking CsrfFilter (5/14)
2023-11-07 09:49:14 [http-nio-8080-exec-3] DEBUG o.s.security.web.csrf.CsrfFilter - Invalid CSRF token found for http://localhost:8080/api/private/user/2
2023-11-07 09:49:14 [http-nio-8080-exec-3] DEBUG o.s.s.w.a.AccessDeniedHandlerImpl - Responding with 403 status code
2023-11-07 09:49:14 [http-nio-8080-exec-3] TRACE o.s.s.w.h.writers.HstsHeaderWriter - Not injecting HSTS header since it did not match request to [Is Secure]
2023-11-07 09:49:45 [SpringApplicationShutdownHook] INFO  o.s.o.j.LocalContainerEntityManagerFactoryBean - Closing JPA EntityManagerFactory for persistence unit 'default'
2023-11-07 09:49:45 [SpringApplicationShutdownHook] INFO  com.zaxxer.hikari.HikariDataSource - HikariPool-1 - Shutdown initiated...
2023-11-07 09:49:45 [SpringApplicationShutdownHook] INFO  com.zaxxer.hikari.HikariDataSource - HikariPool-1 - Shutdown completed.
2023-11-07 09:49:48 [main] INFO  c.j.teamsphere.TeamsphereApplication - Starting TeamsphereApplication using Java 17.0.8.1 with PID 10273 (/home/julien/workspace/teamsphere-app/target/classes started by julien in /home/julien/workspace/teamsphere-app)
2023-11-07 09:49:48 [main] INFO  c.j.teamsphere.TeamsphereApplication - No active profile set, falling back to 1 default profile: "default"
2023-11-07 09:49:48 [main] INFO  o.s.d.r.c.RepositoryConfigurationDelegate - Bootstrapping Spring Data JPA repositories in DEFAULT mode.
2023-11-07 09:49:48 [main] INFO  o.s.d.r.c.RepositoryConfigurationDelegate - Finished Spring Data repository scanning in 27 ms. Found 3 JPA repository interfaces.
2023-11-07 09:49:48 [main] INFO  o.s.b.w.e.tomcat.TomcatWebServer - Tomcat initialized with port(s): 8080 (http)
2023-11-07 09:49:48 [main] INFO  o.a.coyote.http11.Http11NioProtocol - Initializing ProtocolHandler ["http-nio-8080"]
2023-11-07 09:49:48 [main] INFO  o.a.catalina.core.StandardService - Starting service [Tomcat]
2023-11-07 09:49:48 [main] INFO  o.a.catalina.core.StandardEngine - Starting Servlet engine: [Apache Tomcat/10.1.15]
2023-11-07 09:49:48 [main] INFO  o.a.c.c.C.[Tomcat].[localhost].[/] - Initializing Spring embedded WebApplicationContext
2023-11-07 09:49:48 [main] INFO  o.s.b.w.s.c.ServletWebServerApplicationContext - Root WebApplicationContext: initialization completed in 751 ms
2023-11-07 09:49:49 [main] INFO  o.h.jpa.internal.util.LogHelper - HHH000204: Processing PersistenceUnitInfo [name: default]
2023-11-07 09:49:49 [main] INFO  org.hibernate.Version - HHH000412: Hibernate ORM core version 6.2.13.Final
2023-11-07 09:49:49 [main] INFO  org.hibernate.cfg.Environment - HHH000406: Using bytecode reflection optimizer
2023-11-07 09:49:49 [main] INFO  o.s.o.j.p.SpringPersistenceUnitInfo - No LoadTimeWeaver setup: ignoring JPA class transformer
2023-11-07 09:49:49 [main] INFO  com.zaxxer.hikari.HikariDataSource - HikariPool-1 - Starting...
2023-11-07 09:49:49 [main] INFO  com.zaxxer.hikari.pool.HikariPool - HikariPool-1 - Added connection com.mysql.cj.jdbc.ConnectionImpl@1f408ab6
2023-11-07 09:49:49 [main] INFO  com.zaxxer.hikari.HikariDataSource - HikariPool-1 - Start completed.
2023-11-07 09:49:49 [main] WARN  org.hibernate.orm.deprecation - HHH90000025: MySQLDialect does not need to be specified explicitly using 'hibernate.dialect' (remove the property setting and it will be selected by default)
2023-11-07 09:49:49 [main] INFO  o.h.e.t.j.p.i.JtaPlatformInitiator - HHH000489: No JTA platform available (set 'hibernate.transaction.jta.platform' to enable JTA platform integration)
2023-11-07 09:49:49 [main] INFO  o.s.o.j.LocalContainerEntityManagerFactoryBean - Initialized JPA EntityManagerFactory for persistence unit 'default'
2023-11-07 09:49:50 [main] TRACE o.s.s.c.a.a.c.AuthenticationConfiguration$EnableGlobalAuthenticationAutowiredConfigurer - Eagerly initializing {springSecurityConfig=com.julien.teamsphere.configuration.SpringSecurityConfig$$SpringCGLIB$$0@35e357b}
2023-11-07 09:49:50 [main] WARN  o.s.b.a.s.s.UserDetailsServiceAutoConfiguration - 

Using generated security password: 1ea95563-c0ad-42c9-ba45-6ca85df882f1

This generated password is for development use only. Your security configuration must be updated before running your application in production.

2023-11-07 09:49:50 [main] INFO  o.s.s.web.DefaultSecurityFilterChain - Will secure any request with [org.springframework.security.web.session.DisableEncodeUrlFilter@8de8b07, org.springframework.security.web.context.request.async.WebAsyncManagerIntegrationFilter@7b55f0a6, org.springframework.security.web.context.SecurityContextHolderFilter@55731ccd, org.springframework.security.web.header.HeaderWriterFilter@3f465ae, org.springframework.security.web.authentication.logout.LogoutFilter@59509393, org.springframework.security.web.savedrequest.RequestCacheAwareFilter@41935a9d, org.springframework.security.web.servletapi.SecurityContextHolderAwareRequestFilter@2eb31735, org.springframework.security.web.authentication.AnonymousAuthenticationFilter@3fc7abf6, org.springframework.security.web.access.ExceptionTranslationFilter@7fa86ddd]
2023-11-07 09:49:50 [main] INFO  o.a.coyote.http11.Http11NioProtocol - Starting ProtocolHandler ["http-nio-8080"]
2023-11-07 09:49:50 [main] INFO  o.s.b.w.e.tomcat.TomcatWebServer - Tomcat started on port(s): 8080 (http) with context path ''
2023-11-07 09:49:50 [main] INFO  c.j.teamsphere.TeamsphereApplication - Started TeamsphereApplication in 2.606 seconds (process running for 3.022)
2023-11-07 09:49:54 [http-nio-8080-exec-1] INFO  o.a.c.c.C.[Tomcat].[localhost].[/] - Initializing Spring DispatcherServlet 'dispatcherServlet'
2023-11-07 09:49:54 [http-nio-8080-exec-1] INFO  o.s.web.servlet.DispatcherServlet - Initializing Servlet 'dispatcherServlet'
2023-11-07 09:49:54 [http-nio-8080-exec-1] INFO  o.s.web.servlet.DispatcherServlet - Completed initialization in 1 ms
2023-11-07 09:49:54 [http-nio-8080-exec-1] TRACE o.s.security.web.FilterChainProxy - Trying to match request against DefaultSecurityFilterChain [RequestMatcher=any request, Filters=[org.springframework.security.web.session.DisableEncodeUrlFilter@8de8b07, org.springframework.security.web.context.request.async.WebAsyncManagerIntegrationFilter@7b55f0a6, org.springframework.security.web.context.SecurityContextHolderFilter@55731ccd, org.springframework.security.web.header.HeaderWriterFilter@3f465ae, org.springframework.security.web.authentication.logout.LogoutFilter@59509393, org.springframework.security.web.savedrequest.RequestCacheAwareFilter@41935a9d, org.springframework.security.web.servletapi.SecurityContextHolderAwareRequestFilter@2eb31735, org.springframework.security.web.authentication.AnonymousAuthenticationFilter@3fc7abf6, org.springframework.security.web.access.ExceptionTranslationFilter@7fa86ddd]] (1/1)
2023-11-07 09:49:54 [http-nio-8080-exec-1] DEBUG o.s.security.web.FilterChainProxy - Securing PUT /api/private/user/2
2023-11-07 09:49:54 [http-nio-8080-exec-1] TRACE o.s.security.web.FilterChainProxy - Invoking DisableEncodeUrlFilter (1/9)
2023-11-07 09:49:54 [http-nio-8080-exec-1] TRACE o.s.security.web.FilterChainProxy - Invoking WebAsyncManagerIntegrationFilter (2/9)
2023-11-07 09:49:54 [http-nio-8080-exec-1] TRACE o.s.security.web.FilterChainProxy - Invoking SecurityContextHolderFilter (3/9)
2023-11-07 09:49:54 [http-nio-8080-exec-1] TRACE o.s.security.web.FilterChainProxy - Invoking HeaderWriterFilter (4/9)
2023-11-07 09:49:54 [http-nio-8080-exec-1] TRACE o.s.security.web.FilterChainProxy - Invoking LogoutFilter (5/9)
2023-11-07 09:49:54 [http-nio-8080-exec-1] TRACE o.s.s.w.a.logout.LogoutFilter - Did not match request to Or [Ant [pattern='/logout', GET], Ant [pattern='/logout', POST], Ant [pattern='/logout', PUT], Ant [pattern='/logout', DELETE]]
2023-11-07 09:49:54 [http-nio-8080-exec-1] TRACE o.s.security.web.FilterChainProxy - Invoking RequestCacheAwareFilter (6/9)
2023-11-07 09:49:54 [http-nio-8080-exec-1] TRACE o.s.s.w.s.HttpSessionRequestCache - matchingRequestParameterName is required for getMatchingRequest to lookup a value, but not provided
2023-11-07 09:49:54 [http-nio-8080-exec-1] TRACE o.s.security.web.FilterChainProxy - Invoking SecurityContextHolderAwareRequestFilter (7/9)
2023-11-07 09:49:54 [http-nio-8080-exec-1] TRACE o.s.security.web.FilterChainProxy - Invoking AnonymousAuthenticationFilter (8/9)
2023-11-07 09:49:54 [http-nio-8080-exec-1] TRACE o.s.security.web.FilterChainProxy - Invoking ExceptionTranslationFilter (9/9)
2023-11-07 09:49:54 [http-nio-8080-exec-1] DEBUG o.s.security.web.FilterChainProxy - Secured PUT /api/private/user/2
2023-11-07 09:49:54 [http-nio-8080-exec-1] TRACE o.s.s.w.h.writers.HstsHeaderWriter - Not injecting HSTS header since it did not match request to [Is Secure]
2023-11-07 09:49:54 [http-nio-8080-exec-1] WARN  o.s.w.s.m.s.DefaultHandlerExceptionResolver - Resolved [org.springframework.http.converter.HttpMessageNotReadableException: JSON parse error: Cannot deserialize value of type `com.julien.teamsphere.entity.UserEntity$Gender` from String "Not_pronounced": not one of the values accepted for Enum class: [Other, Female, Male, notPronounced]]
2023-11-07 09:49:54 [http-nio-8080-exec-1] TRACE o.s.s.w.c.HttpSessionSecurityContextRepository - No HttpSession currently exists
2023-11-07 09:49:54 [http-nio-8080-exec-1] TRACE o.s.s.w.c.SupplierDeferredSecurityContext - Created SecurityContextImpl [Null authentication]
2023-11-07 09:49:54 [http-nio-8080-exec-1] TRACE o.s.s.w.c.SupplierDeferredSecurityContext - Created SecurityContextImpl [Null authentication]
2023-11-07 09:49:54 [http-nio-8080-exec-1] TRACE o.s.s.w.a.AnonymousAuthenticationFilter - Set SecurityContextHolder to AnonymousAuthenticationToken [Principal=anonymousUser, Credentials=[PROTECTED], Authenticated=true, Details=WebAuthenticationDetails [RemoteIpAddress=0:0:0:0:0:0:0:1, SessionId=null], Granted Authorities=[ROLE_ANONYMOUS]]
2023-11-07 09:50:08 [http-nio-8080-exec-4] TRACE o.s.security.web.FilterChainProxy - Trying to match request against DefaultSecurityFilterChain [RequestMatcher=any request, Filters=[org.springframework.security.web.session.DisableEncodeUrlFilter@8de8b07, org.springframework.security.web.context.request.async.WebAsyncManagerIntegrationFilter@7b55f0a6, org.springframework.security.web.context.SecurityContextHolderFilter@55731ccd, org.springframework.security.web.header.HeaderWriterFilter@3f465ae, org.springframework.security.web.authentication.logout.LogoutFilter@59509393, org.springframework.security.web.savedrequest.RequestCacheAwareFilter@41935a9d, org.springframework.security.web.servletapi.SecurityContextHolderAwareRequestFilter@2eb31735, org.springframework.security.web.authentication.AnonymousAuthenticationFilter@3fc7abf6, org.springframework.security.web.access.ExceptionTranslationFilter@7fa86ddd]] (1/1)
2023-11-07 09:50:08 [http-nio-8080-exec-4] DEBUG o.s.security.web.FilterChainProxy - Securing PUT /api/private/user/2
2023-11-07 09:50:08 [http-nio-8080-exec-4] TRACE o.s.security.web.FilterChainProxy - Invoking DisableEncodeUrlFilter (1/9)
2023-11-07 09:50:08 [http-nio-8080-exec-4] TRACE o.s.security.web.FilterChainProxy - Invoking WebAsyncManagerIntegrationFilter (2/9)
2023-11-07 09:50:08 [http-nio-8080-exec-4] TRACE o.s.security.web.FilterChainProxy - Invoking SecurityContextHolderFilter (3/9)
2023-11-07 09:50:08 [http-nio-8080-exec-4] TRACE o.s.security.web.FilterChainProxy - Invoking HeaderWriterFilter (4/9)
2023-11-07 09:50:08 [http-nio-8080-exec-4] TRACE o.s.security.web.FilterChainProxy - Invoking LogoutFilter (5/9)
2023-11-07 09:50:08 [http-nio-8080-exec-4] TRACE o.s.s.w.a.logout.LogoutFilter - Did not match request to Or [Ant [pattern='/logout', GET], Ant [pattern='/logout', POST], Ant [pattern='/logout', PUT], Ant [pattern='/logout', DELETE]]
2023-11-07 09:50:08 [http-nio-8080-exec-4] TRACE o.s.security.web.FilterChainProxy - Invoking RequestCacheAwareFilter (6/9)
2023-11-07 09:50:08 [http-nio-8080-exec-4] TRACE o.s.s.w.s.HttpSessionRequestCache - matchingRequestParameterName is required for getMatchingRequest to lookup a value, but not provided
2023-11-07 09:50:08 [http-nio-8080-exec-4] TRACE o.s.security.web.FilterChainProxy - Invoking SecurityContextHolderAwareRequestFilter (7/9)
2023-11-07 09:50:08 [http-nio-8080-exec-4] TRACE o.s.security.web.FilterChainProxy - Invoking AnonymousAuthenticationFilter (8/9)
2023-11-07 09:50:08 [http-nio-8080-exec-4] TRACE o.s.security.web.FilterChainProxy - Invoking ExceptionTranslationFilter (9/9)
2023-11-07 09:50:08 [http-nio-8080-exec-4] DEBUG o.s.security.web.FilterChainProxy - Secured PUT /api/private/user/2
2023-11-07 09:50:08 [http-nio-8080-exec-4] INFO  c.j.t.controller.UserController - updateUserById called with id 2 and data UserDTO{userFirstName='null', userLastName='null', userName='null', password='null', userEmail='null', userInscriptionDate=null, userBirthDate='null', userGender='notPronounced', userProfilePicture='null'}
2023-11-07 09:50:08 [http-nio-8080-exec-4] TRACE o.s.s.w.h.writers.HstsHeaderWriter - Not injecting HSTS header since it did not match request to [Is Secure]
2023-11-07 09:50:08 [http-nio-8080-exec-4] TRACE o.s.s.w.c.HttpSessionSecurityContextRepository - No HttpSession currently exists
2023-11-07 09:50:08 [http-nio-8080-exec-4] TRACE o.s.s.w.c.SupplierDeferredSecurityContext - Created SecurityContextImpl [Null authentication]
2023-11-07 09:50:08 [http-nio-8080-exec-4] TRACE o.s.s.w.c.SupplierDeferredSecurityContext - Created SecurityContextImpl [Null authentication]
2023-11-07 09:50:08 [http-nio-8080-exec-4] TRACE o.s.s.w.a.AnonymousAuthenticationFilter - Set SecurityContextHolder to AnonymousAuthenticationToken [Principal=anonymousUser, Credentials=[PROTECTED], Authenticated=true, Details=WebAuthenticationDetails [RemoteIpAddress=0:0:0:0:0:0:0:1, SessionId=null], Granted Authorities=[ROLE_ANONYMOUS]]
2023-11-07 09:50:30 [http-nio-8080-exec-5] TRACE o.s.security.web.FilterChainProxy - Trying to match request against DefaultSecurityFilterChain [RequestMatcher=any request, Filters=[org.springframework.security.web.session.DisableEncodeUrlFilter@8de8b07, org.springframework.security.web.context.request.async.WebAsyncManagerIntegrationFilter@7b55f0a6, org.springframework.security.web.context.SecurityContextHolderFilter@55731ccd, org.springframework.security.web.header.HeaderWriterFilter@3f465ae, org.springframework.security.web.authentication.logout.LogoutFilter@59509393, org.springframework.security.web.savedrequest.RequestCacheAwareFilter@41935a9d, org.springframework.security.web.servletapi.SecurityContextHolderAwareRequestFilter@2eb31735, org.springframework.security.web.authentication.AnonymousAuthenticationFilter@3fc7abf6, org.springframework.security.web.access.ExceptionTranslationFilter@7fa86ddd]] (1/1)
2023-11-07 09:50:30 [http-nio-8080-exec-5] DEBUG o.s.security.web.FilterChainProxy - Securing PUT /api/private/user/2
2023-11-07 09:50:30 [http-nio-8080-exec-5] TRACE o.s.security.web.FilterChainProxy - Invoking DisableEncodeUrlFilter (1/9)
2023-11-07 09:50:30 [http-nio-8080-exec-5] TRACE o.s.security.web.FilterChainProxy - Invoking WebAsyncManagerIntegrationFilter (2/9)
2023-11-07 09:50:30 [http-nio-8080-exec-5] TRACE o.s.security.web.FilterChainProxy - Invoking SecurityContextHolderFilter (3/9)
2023-11-07 09:50:30 [http-nio-8080-exec-5] TRACE o.s.security.web.FilterChainProxy - Invoking HeaderWriterFilter (4/9)
2023-11-07 09:50:30 [http-nio-8080-exec-5] TRACE o.s.security.web.FilterChainProxy - Invoking LogoutFilter (5/9)
2023-11-07 09:50:30 [http-nio-8080-exec-5] TRACE o.s.s.w.a.logout.LogoutFilter - Did not match request to Or [Ant [pattern='/logout', GET], Ant [pattern='/logout', POST], Ant [pattern='/logout', PUT], Ant [pattern='/logout', DELETE]]
2023-11-07 09:50:30 [http-nio-8080-exec-5] TRACE o.s.security.web.FilterChainProxy - Invoking RequestCacheAwareFilter (6/9)
2023-11-07 09:50:30 [http-nio-8080-exec-5] TRACE o.s.s.w.s.HttpSessionRequestCache - matchingRequestParameterName is required for getMatchingRequest to lookup a value, but not provided
2023-11-07 09:50:30 [http-nio-8080-exec-5] TRACE o.s.security.web.FilterChainProxy - Invoking SecurityContextHolderAwareRequestFilter (7/9)
2023-11-07 09:50:30 [http-nio-8080-exec-5] TRACE o.s.security.web.FilterChainProxy - Invoking AnonymousAuthenticationFilter (8/9)
2023-11-07 09:50:30 [http-nio-8080-exec-5] TRACE o.s.security.web.FilterChainProxy - Invoking ExceptionTranslationFilter (9/9)
2023-11-07 09:50:30 [http-nio-8080-exec-5] DEBUG o.s.security.web.FilterChainProxy - Secured PUT /api/private/user/2
2023-11-07 09:50:30 [http-nio-8080-exec-5] INFO  c.j.t.controller.UserController - updateUserById called with id 2 and data UserDTO{userFirstName='null', userLastName='null', userName='null', password='null', userEmail='null', userInscriptionDate=null, userBirthDate='null', userGender='Male', userProfilePicture='null'}
2023-11-07 09:50:30 [http-nio-8080-exec-5] TRACE o.s.s.w.h.writers.HstsHeaderWriter - Not injecting HSTS header since it did not match request to [Is Secure]
2023-11-07 09:50:30 [http-nio-8080-exec-5] TRACE o.s.s.w.c.HttpSessionSecurityContextRepository - No HttpSession currently exists
2023-11-07 09:50:30 [http-nio-8080-exec-5] TRACE o.s.s.w.c.SupplierDeferredSecurityContext - Created SecurityContextImpl [Null authentication]
2023-11-07 09:50:30 [http-nio-8080-exec-5] TRACE o.s.s.w.c.SupplierDeferredSecurityContext - Created SecurityContextImpl [Null authentication]
2023-11-07 09:50:30 [http-nio-8080-exec-5] TRACE o.s.s.w.a.AnonymousAuthenticationFilter - Set SecurityContextHolder to AnonymousAuthenticationToken [Principal=anonymousUser, Credentials=[PROTECTED], Authenticated=true, Details=WebAuthenticationDetails [RemoteIpAddress=0:0:0:0:0:0:0:1, SessionId=null], Granted Authorities=[ROLE_ANONYMOUS]]
2023-11-07 11:43:20 [http-nio-8080-exec-7] TRACE o.s.security.web.FilterChainProxy - Trying to match request against DefaultSecurityFilterChain [RequestMatcher=any request, Filters=[org.springframework.security.web.session.DisableEncodeUrlFilter@8de8b07, org.springframework.security.web.context.request.async.WebAsyncManagerIntegrationFilter@7b55f0a6, org.springframework.security.web.context.SecurityContextHolderFilter@55731ccd, org.springframework.security.web.header.HeaderWriterFilter@3f465ae, org.springframework.security.web.authentication.logout.LogoutFilter@59509393, org.springframework.security.web.savedrequest.RequestCacheAwareFilter@41935a9d, org.springframework.security.web.servletapi.SecurityContextHolderAwareRequestFilter@2eb31735, org.springframework.security.web.authentication.AnonymousAuthenticationFilter@3fc7abf6, org.springframework.security.web.access.ExceptionTranslationFilter@7fa86ddd]] (1/1)
2023-11-07 11:43:20 [http-nio-8080-exec-7] DEBUG o.s.security.web.FilterChainProxy - Securing GET /connect/websocket
2023-11-07 11:43:20 [http-nio-8080-exec-7] TRACE o.s.security.web.FilterChainProxy - Invoking DisableEncodeUrlFilter (1/9)
2023-11-07 11:43:20 [http-nio-8080-exec-7] TRACE o.s.security.web.FilterChainProxy - Invoking WebAsyncManagerIntegrationFilter (2/9)
2023-11-07 11:43:20 [http-nio-8080-exec-7] TRACE o.s.security.web.FilterChainProxy - Invoking SecurityContextHolderFilter (3/9)
2023-11-07 11:43:20 [http-nio-8080-exec-7] TRACE o.s.security.web.FilterChainProxy - Invoking HeaderWriterFilter (4/9)
2023-11-07 11:43:20 [http-nio-8080-exec-7] TRACE o.s.security.web.FilterChainProxy - Invoking LogoutFilter (5/9)
2023-11-07 11:43:20 [http-nio-8080-exec-7] TRACE o.s.s.w.a.logout.LogoutFilter - Did not match request to Or [Ant [pattern='/logout', GET], Ant [pattern='/logout', POST], Ant [pattern='/logout', PUT], Ant [pattern='/logout', DELETE]]
2023-11-07 11:43:20 [http-nio-8080-exec-7] TRACE o.s.security.web.FilterChainProxy - Invoking RequestCacheAwareFilter (6/9)
2023-11-07 11:43:20 [http-nio-8080-exec-7] TRACE o.s.s.w.s.HttpSessionRequestCache - matchingRequestParameterName is required for getMatchingRequest to lookup a value, but not provided
2023-11-07 11:43:20 [http-nio-8080-exec-7] TRACE o.s.security.web.FilterChainProxy - Invoking SecurityContextHolderAwareRequestFilter (7/9)
2023-11-07 11:43:20 [http-nio-8080-exec-7] TRACE o.s.security.web.FilterChainProxy - Invoking AnonymousAuthenticationFilter (8/9)
2023-11-07 11:43:20 [http-nio-8080-exec-7] TRACE o.s.security.web.FilterChainProxy - Invoking ExceptionTranslationFilter (9/9)
2023-11-07 11:43:20 [http-nio-8080-exec-7] DEBUG o.s.security.web.FilterChainProxy - Secured GET /connect/websocket
2023-11-07 11:43:20 [http-nio-8080-exec-7] TRACE o.s.s.w.h.writers.HstsHeaderWriter - Not injecting HSTS header since it did not match request to [Is Secure]
2023-11-07 11:43:20 [http-nio-8080-exec-7] TRACE o.s.s.w.c.HttpSessionSecurityContextRepository - No HttpSession currently exists
2023-11-07 11:43:20 [http-nio-8080-exec-7] TRACE o.s.s.w.c.SupplierDeferredSecurityContext - Created SecurityContextImpl [Null authentication]
2023-11-07 11:43:20 [http-nio-8080-exec-7] TRACE o.s.s.w.c.SupplierDeferredSecurityContext - Created SecurityContextImpl [Null authentication]
2023-11-07 11:43:20 [http-nio-8080-exec-7] TRACE o.s.s.w.a.AnonymousAuthenticationFilter - Set SecurityContextHolder to AnonymousAuthenticationToken [Principal=anonymousUser, Credentials=[PROTECTED], Authenticated=true, Details=WebAuthenticationDetails [RemoteIpAddress=0:0:0:0:0:0:0:1, SessionId=null], Granted Authorities=[ROLE_ANONYMOUS]]
2023-11-07 11:43:20 [http-nio-8080-exec-8] TRACE o.s.security.web.FilterChainProxy - Trying to match request against DefaultSecurityFilterChain [RequestMatcher=any request, Filters=[org.springframework.security.web.session.DisableEncodeUrlFilter@8de8b07, org.springframework.security.web.context.request.async.WebAsyncManagerIntegrationFilter@7b55f0a6, org.springframework.security.web.context.SecurityContextHolderFilter@55731ccd, org.springframework.security.web.header.HeaderWriterFilter@3f465ae, org.springframework.security.web.authentication.logout.LogoutFilter@59509393, org.springframework.security.web.savedrequest.RequestCacheAwareFilter@41935a9d, org.springframework.security.web.servletapi.SecurityContextHolderAwareRequestFilter@2eb31735, org.springframework.security.web.authentication.AnonymousAuthenticationFilter@3fc7abf6, org.springframework.security.web.access.ExceptionTranslationFilter@7fa86ddd]] (1/1)
2023-11-07 11:43:20 [http-nio-8080-exec-8] DEBUG o.s.security.web.FilterChainProxy - Securing GET /connect/info?t=1699353800673
2023-11-07 11:43:20 [http-nio-8080-exec-8] TRACE o.s.security.web.FilterChainProxy - Invoking DisableEncodeUrlFilter (1/9)
2023-11-07 11:43:20 [http-nio-8080-exec-8] TRACE o.s.security.web.FilterChainProxy - Invoking WebAsyncManagerIntegrationFilter (2/9)
2023-11-07 11:43:20 [http-nio-8080-exec-8] TRACE o.s.security.web.FilterChainProxy - Invoking SecurityContextHolderFilter (3/9)
2023-11-07 11:43:20 [http-nio-8080-exec-8] TRACE o.s.security.web.FilterChainProxy - Invoking HeaderWriterFilter (4/9)
2023-11-07 11:43:20 [http-nio-8080-exec-8] TRACE o.s.security.web.FilterChainProxy - Invoking LogoutFilter (5/9)
2023-11-07 11:43:20 [http-nio-8080-exec-8] TRACE o.s.s.w.a.logout.LogoutFilter - Did not match request to Or [Ant [pattern='/logout', GET], Ant [pattern='/logout', POST], Ant [pattern='/logout', PUT], Ant [pattern='/logout', DELETE]]
2023-11-07 11:43:20 [http-nio-8080-exec-8] TRACE o.s.security.web.FilterChainProxy - Invoking RequestCacheAwareFilter (6/9)
2023-11-07 11:43:20 [http-nio-8080-exec-8] TRACE o.s.s.w.s.HttpSessionRequestCache - matchingRequestParameterName is required for getMatchingRequest to lookup a value, but not provided
2023-11-07 11:43:20 [http-nio-8080-exec-8] TRACE o.s.security.web.FilterChainProxy - Invoking SecurityContextHolderAwareRequestFilter (7/9)
2023-11-07 11:43:20 [http-nio-8080-exec-8] TRACE o.s.security.web.FilterChainProxy - Invoking AnonymousAuthenticationFilter (8/9)
2023-11-07 11:43:20 [http-nio-8080-exec-8] TRACE o.s.security.web.FilterChainProxy - Invoking ExceptionTranslationFilter (9/9)
2023-11-07 11:43:20 [http-nio-8080-exec-8] DEBUG o.s.security.web.FilterChainProxy - Secured GET /connect/info?t=1699353800673
2023-11-07 11:43:20 [http-nio-8080-exec-8] TRACE o.s.s.w.h.writers.HstsHeaderWriter - Not injecting HSTS header since it did not match request to [Is Secure]
2023-11-07 11:43:20 [http-nio-8080-exec-8] TRACE o.s.s.w.c.HttpSessionSecurityContextRepository - No HttpSession currently exists
2023-11-07 11:43:20 [http-nio-8080-exec-8] TRACE o.s.s.w.c.SupplierDeferredSecurityContext - Created SecurityContextImpl [Null authentication]
2023-11-07 11:43:20 [http-nio-8080-exec-8] TRACE o.s.s.w.c.SupplierDeferredSecurityContext - Created SecurityContextImpl [Null authentication]
2023-11-07 11:43:20 [http-nio-8080-exec-8] TRACE o.s.s.w.a.AnonymousAuthenticationFilter - Set SecurityContextHolder to AnonymousAuthenticationToken [Principal=anonymousUser, Credentials=[PROTECTED], Authenticated=true, Details=WebAuthenticationDetails [RemoteIpAddress=0:0:0:0:0:0:0:1, SessionId=null], Granted Authorities=[ROLE_ANONYMOUS]]
2023-11-07 11:43:49 [http-nio-8080-exec-9] TRACE o.s.security.web.FilterChainProxy - Trying to match request against DefaultSecurityFilterChain [RequestMatcher=any request, Filters=[org.springframework.security.web.session.DisableEncodeUrlFilter@8de8b07, org.springframework.security.web.context.request.async.WebAsyncManagerIntegrationFilter@7b55f0a6, org.springframework.security.web.context.SecurityContextHolderFilter@55731ccd, org.springframework.security.web.header.HeaderWriterFilter@3f465ae, org.springframework.security.web.authentication.logout.LogoutFilter@59509393, org.springframework.security.web.savedrequest.RequestCacheAwareFilter@41935a9d, org.springframework.security.web.servletapi.SecurityContextHolderAwareRequestFilter@2eb31735, org.springframework.security.web.authentication.AnonymousAuthenticationFilter@3fc7abf6, org.springframework.security.web.access.ExceptionTranslationFilter@7fa86ddd]] (1/1)
2023-11-07 11:43:49 [http-nio-8080-exec-9] DEBUG o.s.security.web.FilterChainProxy - Securing GET /connect/websocket
2023-11-07 11:43:49 [http-nio-8080-exec-9] TRACE o.s.security.web.FilterChainProxy - Invoking DisableEncodeUrlFilter (1/9)
2023-11-07 11:43:49 [http-nio-8080-exec-9] TRACE o.s.security.web.FilterChainProxy - Invoking WebAsyncManagerIntegrationFilter (2/9)
2023-11-07 11:43:49 [http-nio-8080-exec-9] TRACE o.s.security.web.FilterChainProxy - Invoking SecurityContextHolderFilter (3/9)
2023-11-07 11:43:49 [http-nio-8080-exec-9] TRACE o.s.security.web.FilterChainProxy - Invoking HeaderWriterFilter (4/9)
2023-11-07 11:43:49 [http-nio-8080-exec-9] TRACE o.s.security.web.FilterChainProxy - Invoking LogoutFilter (5/9)
2023-11-07 11:43:49 [http-nio-8080-exec-9] TRACE o.s.s.w.a.logout.LogoutFilter - Did not match request to Or [Ant [pattern='/logout', GET], Ant [pattern='/logout', POST], Ant [pattern='/logout', PUT], Ant [pattern='/logout', DELETE]]
2023-11-07 11:43:49 [http-nio-8080-exec-9] TRACE o.s.security.web.FilterChainProxy - Invoking RequestCacheAwareFilter (6/9)
2023-11-07 11:43:49 [http-nio-8080-exec-9] TRACE o.s.s.w.s.HttpSessionRequestCache - matchingRequestParameterName is required for getMatchingRequest to lookup a value, but not provided
2023-11-07 11:43:49 [http-nio-8080-exec-9] TRACE o.s.security.web.FilterChainProxy - Invoking SecurityContextHolderAwareRequestFilter (7/9)
2023-11-07 11:43:49 [http-nio-8080-exec-9] TRACE o.s.security.web.FilterChainProxy - Invoking AnonymousAuthenticationFilter (8/9)
2023-11-07 11:43:49 [http-nio-8080-exec-9] TRACE o.s.security.web.FilterChainProxy - Invoking ExceptionTranslationFilter (9/9)
2023-11-07 11:43:49 [http-nio-8080-exec-9] DEBUG o.s.security.web.FilterChainProxy - Secured GET /connect/websocket
2023-11-07 11:43:49 [http-nio-8080-exec-9] TRACE o.s.s.w.h.writers.HstsHeaderWriter - Not injecting HSTS header since it did not match request to [Is Secure]
2023-11-07 11:43:49 [http-nio-8080-exec-9] TRACE o.s.s.w.c.HttpSessionSecurityContextRepository - No HttpSession currently exists
2023-11-07 11:43:49 [http-nio-8080-exec-9] TRACE o.s.s.w.c.SupplierDeferredSecurityContext - Created SecurityContextImpl [Null authentication]
2023-11-07 11:43:49 [http-nio-8080-exec-9] TRACE o.s.s.w.c.SupplierDeferredSecurityContext - Created SecurityContextImpl [Null authentication]
2023-11-07 11:43:49 [http-nio-8080-exec-9] TRACE o.s.s.w.a.AnonymousAuthenticationFilter - Set SecurityContextHolder to AnonymousAuthenticationToken [Principal=anonymousUser, Credentials=[PROTECTED], Authenticated=true, Details=WebAuthenticationDetails [RemoteIpAddress=0:0:0:0:0:0:0:1, SessionId=null], Granted Authorities=[ROLE_ANONYMOUS]]
2023-11-07 11:43:49 [http-nio-8080-exec-10] TRACE o.s.security.web.FilterChainProxy - Trying to match request against DefaultSecurityFilterChain [RequestMatcher=any request, Filters=[org.springframework.security.web.session.DisableEncodeUrlFilter@8de8b07, org.springframework.security.web.context.request.async.WebAsyncManagerIntegrationFilter@7b55f0a6, org.springframework.security.web.context.SecurityContextHolderFilter@55731ccd, org.springframework.security.web.header.HeaderWriterFilter@3f465ae, org.springframework.security.web.authentication.logout.LogoutFilter@59509393, org.springframework.security.web.savedrequest.RequestCacheAwareFilter@41935a9d, org.springframework.security.web.servletapi.SecurityContextHolderAwareRequestFilter@2eb31735, org.springframework.security.web.authentication.AnonymousAuthenticationFilter@3fc7abf6, org.springframework.security.web.access.ExceptionTranslationFilter@7fa86ddd]] (1/1)
2023-11-07 11:43:49 [http-nio-8080-exec-10] DEBUG o.s.security.web.FilterChainProxy - Securing GET /connect/info?t=1699353829211
2023-11-07 11:43:49 [http-nio-8080-exec-10] TRACE o.s.security.web.FilterChainProxy - Invoking DisableEncodeUrlFilter (1/9)
2023-11-07 11:43:49 [http-nio-8080-exec-10] TRACE o.s.security.web.FilterChainProxy - Invoking WebAsyncManagerIntegrationFilter (2/9)
2023-11-07 11:43:49 [http-nio-8080-exec-10] TRACE o.s.security.web.FilterChainProxy - Invoking SecurityContextHolderFilter (3/9)
2023-11-07 11:43:49 [http-nio-8080-exec-10] TRACE o.s.security.web.FilterChainProxy - Invoking HeaderWriterFilter (4/9)
2023-11-07 11:43:49 [http-nio-8080-exec-10] TRACE o.s.security.web.FilterChainProxy - Invoking LogoutFilter (5/9)
2023-11-07 11:43:49 [http-nio-8080-exec-10] TRACE o.s.s.w.a.logout.LogoutFilter - Did not match request to Or [Ant [pattern='/logout', GET], Ant [pattern='/logout', POST], Ant [pattern='/logout', PUT], Ant [pattern='/logout', DELETE]]
2023-11-07 11:43:49 [http-nio-8080-exec-10] TRACE o.s.security.web.FilterChainProxy - Invoking RequestCacheAwareFilter (6/9)
2023-11-07 11:43:49 [http-nio-8080-exec-10] TRACE o.s.s.w.s.HttpSessionRequestCache - matchingRequestParameterName is required for getMatchingRequest to lookup a value, but not provided
2023-11-07 11:43:49 [http-nio-8080-exec-10] TRACE o.s.security.web.FilterChainProxy - Invoking SecurityContextHolderAwareRequestFilter (7/9)
2023-11-07 11:43:49 [http-nio-8080-exec-10] TRACE o.s.security.web.FilterChainProxy - Invoking AnonymousAuthenticationFilter (8/9)
2023-11-07 11:43:49 [http-nio-8080-exec-10] TRACE o.s.security.web.FilterChainProxy - Invoking ExceptionTranslationFilter (9/9)
2023-11-07 11:43:49 [http-nio-8080-exec-10] DEBUG o.s.security.web.FilterChainProxy - Secured GET /connect/info?t=1699353829211
2023-11-07 11:43:49 [http-nio-8080-exec-10] TRACE o.s.s.w.h.writers.HstsHeaderWriter - Not injecting HSTS header since it did not match request to [Is Secure]
2023-11-07 11:43:49 [http-nio-8080-exec-10] TRACE o.s.s.w.c.HttpSessionSecurityContextRepository - No HttpSession currently exists
2023-11-07 11:43:49 [http-nio-8080-exec-10] TRACE o.s.s.w.c.SupplierDeferredSecurityContext - Created SecurityContextImpl [Null authentication]
2023-11-07 11:43:49 [http-nio-8080-exec-10] TRACE o.s.s.w.c.SupplierDeferredSecurityContext - Created SecurityContextImpl [Null authentication]
2023-11-07 11:43:49 [http-nio-8080-exec-10] TRACE o.s.s.w.a.AnonymousAuthenticationFilter - Set SecurityContextHolder to AnonymousAuthenticationToken [Principal=anonymousUser, Credentials=[PROTECTED], Authenticated=true, Details=WebAuthenticationDetails [RemoteIpAddress=0:0:0:0:0:0:0:1, SessionId=null], Granted Authorities=[ROLE_ANONYMOUS]]
2023-11-07 11:44:47 [http-nio-8080-exec-2] TRACE o.s.security.web.FilterChainProxy - Trying to match request against DefaultSecurityFilterChain [RequestMatcher=any request, Filters=[org.springframework.security.web.session.DisableEncodeUrlFilter@8de8b07, org.springframework.security.web.context.request.async.WebAsyncManagerIntegrationFilter@7b55f0a6, org.springframework.security.web.context.SecurityContextHolderFilter@55731ccd, org.springframework.security.web.header.HeaderWriterFilter@3f465ae, org.springframework.security.web.authentication.logout.LogoutFilter@59509393, org.springframework.security.web.savedrequest.RequestCacheAwareFilter@41935a9d, org.springframework.security.web.servletapi.SecurityContextHolderAwareRequestFilter@2eb31735, org.springframework.security.web.authentication.AnonymousAuthenticationFilter@3fc7abf6, org.springframework.security.web.access.ExceptionTranslationFilter@7fa86ddd]] (1/1)
2023-11-07 11:44:47 [http-nio-8080-exec-2] DEBUG o.s.security.web.FilterChainProxy - Securing GET /connect/websocket
2023-11-07 11:44:47 [http-nio-8080-exec-2] TRACE o.s.security.web.FilterChainProxy - Invoking DisableEncodeUrlFilter (1/9)
2023-11-07 11:44:47 [http-nio-8080-exec-2] TRACE o.s.security.web.FilterChainProxy - Invoking WebAsyncManagerIntegrationFilter (2/9)
2023-11-07 11:44:47 [http-nio-8080-exec-2] TRACE o.s.security.web.FilterChainProxy - Invoking SecurityContextHolderFilter (3/9)
2023-11-07 11:44:47 [http-nio-8080-exec-2] TRACE o.s.security.web.FilterChainProxy - Invoking HeaderWriterFilter (4/9)
2023-11-07 11:44:47 [http-nio-8080-exec-2] TRACE o.s.security.web.FilterChainProxy - Invoking LogoutFilter (5/9)
2023-11-07 11:44:47 [http-nio-8080-exec-2] TRACE o.s.s.w.a.logout.LogoutFilter - Did not match request to Or [Ant [pattern='/logout', GET], Ant [pattern='/logout', POST], Ant [pattern='/logout', PUT], Ant [pattern='/logout', DELETE]]
2023-11-07 11:44:47 [http-nio-8080-exec-2] TRACE o.s.security.web.FilterChainProxy - Invoking RequestCacheAwareFilter (6/9)
2023-11-07 11:44:47 [http-nio-8080-exec-2] TRACE o.s.s.w.s.HttpSessionRequestCache - matchingRequestParameterName is required for getMatchingRequest to lookup a value, but not provided
2023-11-07 11:44:47 [http-nio-8080-exec-2] TRACE o.s.security.web.FilterChainProxy - Invoking SecurityContextHolderAwareRequestFilter (7/9)
2023-11-07 11:44:47 [http-nio-8080-exec-2] TRACE o.s.security.web.FilterChainProxy - Invoking AnonymousAuthenticationFilter (8/9)
2023-11-07 11:44:47 [http-nio-8080-exec-2] TRACE o.s.security.web.FilterChainProxy - Invoking ExceptionTranslationFilter (9/9)
2023-11-07 11:44:47 [http-nio-8080-exec-2] DEBUG o.s.security.web.FilterChainProxy - Secured GET /connect/websocket
2023-11-07 11:44:47 [http-nio-8080-exec-2] TRACE o.s.s.w.h.writers.HstsHeaderWriter - Not injecting HSTS header since it did not match request to [Is Secure]
2023-11-07 11:44:47 [http-nio-8080-exec-2] TRACE o.s.s.w.c.HttpSessionSecurityContextRepository - No HttpSession currently exists
2023-11-07 11:44:47 [http-nio-8080-exec-2] TRACE o.s.s.w.c.SupplierDeferredSecurityContext - Created SecurityContextImpl [Null authentication]
2023-11-07 11:44:47 [http-nio-8080-exec-2] TRACE o.s.s.w.c.SupplierDeferredSecurityContext - Created SecurityContextImpl [Null authentication]
2023-11-07 11:44:47 [http-nio-8080-exec-2] TRACE o.s.s.w.a.AnonymousAuthenticationFilter - Set SecurityContextHolder to AnonymousAuthenticationToken [Principal=anonymousUser, Credentials=[PROTECTED], Authenticated=true, Details=WebAuthenticationDetails [RemoteIpAddress=0:0:0:0:0:0:0:1, SessionId=null], Granted Authorities=[ROLE_ANONYMOUS]]
2023-11-07 11:44:47 [http-nio-8080-exec-1] TRACE o.s.security.web.FilterChainProxy - Trying to match request against DefaultSecurityFilterChain [RequestMatcher=any request, Filters=[org.springframework.security.web.session.DisableEncodeUrlFilter@8de8b07, org.springframework.security.web.context.request.async.WebAsyncManagerIntegrationFilter@7b55f0a6, org.springframework.security.web.context.SecurityContextHolderFilter@55731ccd, org.springframework.security.web.header.HeaderWriterFilter@3f465ae, org.springframework.security.web.authentication.logout.LogoutFilter@59509393, org.springframework.security.web.savedrequest.RequestCacheAwareFilter@41935a9d, org.springframework.security.web.servletapi.SecurityContextHolderAwareRequestFilter@2eb31735, org.springframework.security.web.authentication.AnonymousAuthenticationFilter@3fc7abf6, org.springframework.security.web.access.ExceptionTranslationFilter@7fa86ddd]] (1/1)
2023-11-07 11:44:47 [http-nio-8080-exec-1] DEBUG o.s.security.web.FilterChainProxy - Securing GET /connect/info?t=1699353887646
2023-11-07 11:44:47 [http-nio-8080-exec-1] TRACE o.s.security.web.FilterChainProxy - Invoking DisableEncodeUrlFilter (1/9)
2023-11-07 11:44:47 [http-nio-8080-exec-1] TRACE o.s.security.web.FilterChainProxy - Invoking WebAsyncManagerIntegrationFilter (2/9)
2023-11-07 11:44:47 [http-nio-8080-exec-1] TRACE o.s.security.web.FilterChainProxy - Invoking SecurityContextHolderFilter (3/9)
2023-11-07 11:44:47 [http-nio-8080-exec-1] TRACE o.s.security.web.FilterChainProxy - Invoking HeaderWriterFilter (4/9)
2023-11-07 11:44:47 [http-nio-8080-exec-1] TRACE o.s.security.web.FilterChainProxy - Invoking LogoutFilter (5/9)
2023-11-07 11:44:47 [http-nio-8080-exec-1] TRACE o.s.s.w.a.logout.LogoutFilter - Did not match request to Or [Ant [pattern='/logout', GET], Ant [pattern='/logout', POST], Ant [pattern='/logout', PUT], Ant [pattern='/logout', DELETE]]
2023-11-07 11:44:47 [http-nio-8080-exec-1] TRACE o.s.security.web.FilterChainProxy - Invoking RequestCacheAwareFilter (6/9)
2023-11-07 11:44:47 [http-nio-8080-exec-1] TRACE o.s.s.w.s.HttpSessionRequestCache - matchingRequestParameterName is required for getMatchingRequest to lookup a value, but not provided
2023-11-07 11:44:47 [http-nio-8080-exec-1] TRACE o.s.security.web.FilterChainProxy - Invoking SecurityContextHolderAwareRequestFilter (7/9)
2023-11-07 11:44:47 [http-nio-8080-exec-1] TRACE o.s.security.web.FilterChainProxy - Invoking AnonymousAuthenticationFilter (8/9)
2023-11-07 11:44:47 [http-nio-8080-exec-1] TRACE o.s.security.web.FilterChainProxy - Invoking ExceptionTranslationFilter (9/9)
2023-11-07 11:44:47 [http-nio-8080-exec-1] DEBUG o.s.security.web.FilterChainProxy - Secured GET /connect/info?t=1699353887646
2023-11-07 11:44:47 [http-nio-8080-exec-1] TRACE o.s.s.w.h.writers.HstsHeaderWriter - Not injecting HSTS header since it did not match request to [Is Secure]
2023-11-07 11:44:47 [http-nio-8080-exec-1] TRACE o.s.s.w.c.HttpSessionSecurityContextRepository - No HttpSession currently exists
2023-11-07 11:44:47 [http-nio-8080-exec-1] TRACE o.s.s.w.c.SupplierDeferredSecurityContext - Created SecurityContextImpl [Null authentication]
2023-11-07 11:44:47 [http-nio-8080-exec-1] TRACE o.s.s.w.c.SupplierDeferredSecurityContext - Created SecurityContextImpl [Null authentication]
2023-11-07 11:44:47 [http-nio-8080-exec-1] TRACE o.s.s.w.a.AnonymousAuthenticationFilter - Set SecurityContextHolder to AnonymousAuthenticationToken [Principal=anonymousUser, Credentials=[PROTECTED], Authenticated=true, Details=WebAuthenticationDetails [RemoteIpAddress=0:0:0:0:0:0:0:1, SessionId=null], Granted Authorities=[ROLE_ANONYMOUS]]
2023-11-07 11:45:02 [http-nio-8080-exec-3] TRACE o.s.security.web.FilterChainProxy - Trying to match request against DefaultSecurityFilterChain [RequestMatcher=any request, Filters=[org.springframework.security.web.session.DisableEncodeUrlFilter@8de8b07, org.springframework.security.web.context.request.async.WebAsyncManagerIntegrationFilter@7b55f0a6, org.springframework.security.web.context.SecurityContextHolderFilter@55731ccd, org.springframework.security.web.header.HeaderWriterFilter@3f465ae, org.springframework.security.web.authentication.logout.LogoutFilter@59509393, org.springframework.security.web.savedrequest.RequestCacheAwareFilter@41935a9d, org.springframework.security.web.servletapi.SecurityContextHolderAwareRequestFilter@2eb31735, org.springframework.security.web.authentication.AnonymousAuthenticationFilter@3fc7abf6, org.springframework.security.web.access.ExceptionTranslationFilter@7fa86ddd]] (1/1)
2023-11-07 11:45:02 [http-nio-8080-exec-3] DEBUG o.s.security.web.FilterChainProxy - Securing GET /connect/websocket
2023-11-07 11:45:02 [http-nio-8080-exec-3] TRACE o.s.security.web.FilterChainProxy - Invoking DisableEncodeUrlFilter (1/9)
2023-11-07 11:45:02 [http-nio-8080-exec-3] TRACE o.s.security.web.FilterChainProxy - Invoking WebAsyncManagerIntegrationFilter (2/9)
2023-11-07 11:45:02 [http-nio-8080-exec-3] TRACE o.s.security.web.FilterChainProxy - Invoking SecurityContextHolderFilter (3/9)
2023-11-07 11:45:02 [http-nio-8080-exec-3] TRACE o.s.security.web.FilterChainProxy - Invoking HeaderWriterFilter (4/9)
2023-11-07 11:45:02 [http-nio-8080-exec-3] TRACE o.s.security.web.FilterChainProxy - Invoking LogoutFilter (5/9)
2023-11-07 11:45:02 [http-nio-8080-exec-3] TRACE o.s.s.w.a.logout.LogoutFilter - Did not match request to Or [Ant [pattern='/logout', GET], Ant [pattern='/logout', POST], Ant [pattern='/logout', PUT], Ant [pattern='/logout', DELETE]]
2023-11-07 11:45:02 [http-nio-8080-exec-3] TRACE o.s.security.web.FilterChainProxy - Invoking RequestCacheAwareFilter (6/9)
2023-11-07 11:45:02 [http-nio-8080-exec-3] TRACE o.s.s.w.s.HttpSessionRequestCache - matchingRequestParameterName is required for getMatchingRequest to lookup a value, but not provided
2023-11-07 11:45:02 [http-nio-8080-exec-3] TRACE o.s.security.web.FilterChainProxy - Invoking SecurityContextHolderAwareRequestFilter (7/9)
2023-11-07 11:45:02 [http-nio-8080-exec-3] TRACE o.s.security.web.FilterChainProxy - Invoking AnonymousAuthenticationFilter (8/9)
2023-11-07 11:45:02 [http-nio-8080-exec-3] TRACE o.s.security.web.FilterChainProxy - Invoking ExceptionTranslationFilter (9/9)
2023-11-07 11:45:02 [http-nio-8080-exec-3] DEBUG o.s.security.web.FilterChainProxy - Secured GET /connect/websocket
2023-11-07 11:45:02 [http-nio-8080-exec-3] TRACE o.s.s.w.h.writers.HstsHeaderWriter - Not injecting HSTS header since it did not match request to [Is Secure]
2023-11-07 11:45:02 [http-nio-8080-exec-3] TRACE o.s.s.w.c.HttpSessionSecurityContextRepository - No HttpSession currently exists
2023-11-07 11:45:02 [http-nio-8080-exec-3] TRACE o.s.s.w.c.SupplierDeferredSecurityContext - Created SecurityContextImpl [Null authentication]
2023-11-07 11:45:02 [http-nio-8080-exec-3] TRACE o.s.s.w.c.SupplierDeferredSecurityContext - Created SecurityContextImpl [Null authentication]
2023-11-07 11:45:02 [http-nio-8080-exec-3] TRACE o.s.s.w.a.AnonymousAuthenticationFilter - Set SecurityContextHolder to AnonymousAuthenticationToken [Principal=anonymousUser, Credentials=[PROTECTED], Authenticated=true, Details=WebAuthenticationDetails [RemoteIpAddress=0:0:0:0:0:0:0:1, SessionId=null], Granted Authorities=[ROLE_ANONYMOUS]]
2023-11-07 11:45:02 [http-nio-8080-exec-5] TRACE o.s.security.web.FilterChainProxy - Trying to match request against DefaultSecurityFilterChain [RequestMatcher=any request, Filters=[org.springframework.security.web.session.DisableEncodeUrlFilter@8de8b07, org.springframework.security.web.context.request.async.WebAsyncManagerIntegrationFilter@7b55f0a6, org.springframework.security.web.context.SecurityContextHolderFilter@55731ccd, org.springframework.security.web.header.HeaderWriterFilter@3f465ae, org.springframework.security.web.authentication.logout.LogoutFilter@59509393, org.springframework.security.web.savedrequest.RequestCacheAwareFilter@41935a9d, org.springframework.security.web.servletapi.SecurityContextHolderAwareRequestFilter@2eb31735, org.springframework.security.web.authentication.AnonymousAuthenticationFilter@3fc7abf6, org.springframework.security.web.access.ExceptionTranslationFilter@7fa86ddd]] (1/1)
2023-11-07 11:45:02 [http-nio-8080-exec-5] DEBUG o.s.security.web.FilterChainProxy - Securing GET /connect/info?t=1699353902775
2023-11-07 11:45:02 [http-nio-8080-exec-5] TRACE o.s.security.web.FilterChainProxy - Invoking DisableEncodeUrlFilter (1/9)
2023-11-07 11:45:02 [http-nio-8080-exec-5] TRACE o.s.security.web.FilterChainProxy - Invoking WebAsyncManagerIntegrationFilter (2/9)
2023-11-07 11:45:02 [http-nio-8080-exec-5] TRACE o.s.security.web.FilterChainProxy - Invoking SecurityContextHolderFilter (3/9)
2023-11-07 11:45:02 [http-nio-8080-exec-5] TRACE o.s.security.web.FilterChainProxy - Invoking HeaderWriterFilter (4/9)
2023-11-07 11:45:02 [http-nio-8080-exec-5] TRACE o.s.security.web.FilterChainProxy - Invoking LogoutFilter (5/9)
2023-11-07 11:45:02 [http-nio-8080-exec-5] TRACE o.s.s.w.a.logout.LogoutFilter - Did not match request to Or [Ant [pattern='/logout', GET], Ant [pattern='/logout', POST], Ant [pattern='/logout', PUT], Ant [pattern='/logout', DELETE]]
2023-11-07 11:45:02 [http-nio-8080-exec-5] TRACE o.s.security.web.FilterChainProxy - Invoking RequestCacheAwareFilter (6/9)
2023-11-07 11:45:02 [http-nio-8080-exec-5] TRACE o.s.s.w.s.HttpSessionRequestCache - matchingRequestParameterName is required for getMatchingRequest to lookup a value, but not provided
2023-11-07 11:45:02 [http-nio-8080-exec-5] TRACE o.s.security.web.FilterChainProxy - Invoking SecurityContextHolderAwareRequestFilter (7/9)
2023-11-07 11:45:02 [http-nio-8080-exec-5] TRACE o.s.security.web.FilterChainProxy - Invoking AnonymousAuthenticationFilter (8/9)
2023-11-07 11:45:02 [http-nio-8080-exec-5] TRACE o.s.security.web.FilterChainProxy - Invoking ExceptionTranslationFilter (9/9)
2023-11-07 11:45:02 [http-nio-8080-exec-5] DEBUG o.s.security.web.FilterChainProxy - Secured GET /connect/info?t=1699353902775
2023-11-07 11:45:02 [http-nio-8080-exec-5] TRACE o.s.s.w.h.writers.HstsHeaderWriter - Not injecting HSTS header since it did not match request to [Is Secure]
2023-11-07 11:45:02 [http-nio-8080-exec-5] TRACE o.s.s.w.c.HttpSessionSecurityContextRepository - No HttpSession currently exists
2023-11-07 11:45:02 [http-nio-8080-exec-5] TRACE o.s.s.w.c.SupplierDeferredSecurityContext - Created SecurityContextImpl [Null authentication]
2023-11-07 11:45:02 [http-nio-8080-exec-5] TRACE o.s.s.w.c.SupplierDeferredSecurityContext - Created SecurityContextImpl [Null authentication]
2023-11-07 11:45:02 [http-nio-8080-exec-5] TRACE o.s.s.w.a.AnonymousAuthenticationFilter - Set SecurityContextHolder to AnonymousAuthenticationToken [Principal=anonymousUser, Credentials=[PROTECTED], Authenticated=true, Details=WebAuthenticationDetails [RemoteIpAddress=0:0:0:0:0:0:0:1, SessionId=null], Granted Authorities=[ROLE_ANONYMOUS]]
2023-11-07 11:56:51 [SpringApplicationShutdownHook] INFO  o.s.o.j.LocalContainerEntityManagerFactoryBean - Closing JPA EntityManagerFactory for persistence unit 'default'
2023-11-07 11:56:51 [SpringApplicationShutdownHook] INFO  com.zaxxer.hikari.HikariDataSource - HikariPool-1 - Shutdown initiated...
2023-11-07 11:56:51 [SpringApplicationShutdownHook] INFO  com.zaxxer.hikari.HikariDataSource - HikariPool-1 - Shutdown completed.
